<?xml version="1.0" encoding="UTF-8"?>
<testng-results skipped="0" failed="0" ignored="0" total="1" passed="1">
  <reporter-output>
  </reporter-output>
  <suite name="Default suite" duration-ms="3298" started-at="2019-08-18T05:58:25Z" finished-at="2019-08-18T05:58:28Z">
    <groups>
    </groups>
    <test name="Default test" duration-ms="3298" started-at="2019-08-18T05:58:25Z" finished-at="2019-08-18T05:58:28Z">
      <class name="com.TCS.testCase.searchInGoogleWithData">
        <test-method status="PASS" signature="setUp()[pri:0, instance:com.TCS.testCase.searchInGoogleWithData@587e5365]" name="setUp" is-config="true" duration-ms="10793" started-at="2019-08-18T11:28:14Z" finished-at="2019-08-18T11:28:25Z">
          <reporter-output>
          </reporter-output>
        </test-method> <!-- setUp -->
        <test-method status="PASS" signature="searchGoogle(java.lang.String)[pri:0, instance:com.TCS.testCase.searchInGoogleWithData@587e5365]" name="searchGoogle" duration-ms="3172" started-at="2019-08-18T11:28:25Z" data-provider="getData" finished-at="2019-08-18T11:28:28Z">
          <params>
            <param index="0">
              <value>
                <![CDATA[Abhinav]]>
              </value>
            </param>
          </params>
          <reporter-output>
          </reporter-output>
        </test-method> <!-- searchGoogle -->
        <test-method status="PASS" signature="tearDown()[pri:0, instance:com.TCS.testCase.searchInGoogleWithData@587e5365]" name="tearDown" is-config="true" duration-ms="1389" started-at="2019-08-18T11:28:28Z" finished-at="2019-08-18T11:28:29Z">
          <reporter-output>
          </reporter-output>
        </test-method> <!-- tearDown -->
      </class> <!-- com.TCS.testCase.searchInGoogleWithData -->
    </test> <!-- Default test -->
  </suite> <!-- Default suite -->
</testng-results>
